Determining if the pthread_create exist failed with the following output:
Change Dir: /capstone/ros/build/CMakeFiles/CMakeTmp

Run Build Command:"/usr/bin/make" "cmTC_60722/fast"
/usr/bin/make -f CMakeFiles/cmTC_60722.dir/build.make CMakeFiles/cmTC_60722.dir/build
make[1]: Entering directory '/capstone/ros/build/CMakeFiles/CMakeTmp'
Building C object CMakeFiles/cmTC_60722.dir/CheckSymbolExists.c.o
/usr/bin/cc     -o CMakeFiles/cmTC_60722.dir/CheckSymbolExists.c.o   -c /capstone/ros/build/CMakeFiles/CMakeTmp/CheckSymbolExists.c
Linking C executable cmTC_60722
/usr/bin/cmake -E cmake_link_script CMakeFiles/cmTC_60722.dir/link.txt --verbose=1
/usr/bin/cc       CMakeFiles/cmTC_60722.dir/CheckSymbolExists.c.o  -o cmTC_60722 -rdynamic 
CMakeFiles/cmTC_60722.dir/CheckSymbolExists.c.o: In function `main':
CheckSymbolExists.c:(.text+0x16): undefined reference to `pthread_create'
collect2: error: ld returned 1 exit status
CMakeFiles/cmTC_60722.dir/build.make:97: recipe for target 'cmTC_60722' failed
make[1]: *** [cmTC_60722] Error 1
make[1]: Leaving directory '/capstone/ros/build/CMakeFiles/CMakeTmp'
Makefile:126: recipe for target 'cmTC_60722/fast' failed
make: *** [cmTC_60722/fast] Error 2

File /capstone/ros/build/CMakeFiles/CMakeTmp/CheckSymbolExists.c:
/* */
#include <pthread.h>

int main(int argc, char** argv)
{
  (void)argv;
#ifndef pthread_create
  return ((int*)(&pthread_create))[argc];
#else
  (void)argc;
  return 0;
#endif
}

Determining if the function pthread_create exists in the pthreads failed with the following output:
Change Dir: /capstone/ros/build/CMakeFiles/CMakeTmp

Run Build Command:"/usr/bin/make" "cmTC_2c090/fast"
/usr/bin/make -f CMakeFiles/cmTC_2c090.dir/build.make CMakeFiles/cmTC_2c090.dir/build
make[1]: Entering directory '/capstone/ros/build/CMakeFiles/CMakeTmp'
Building C object CMakeFiles/cmTC_2c090.dir/CheckFunctionExists.c.o
/usr/bin/cc    -DCHECK_FUNCTION_EXISTS=pthread_create   -o CMakeFiles/cmTC_2c090.dir/CheckFunctionExists.c.o   -c /usr/share/cmake-3.5/Modules/CheckFunctionExists.c
Linking C executable cmTC_2c090
/usr/bin/cmake -E cmake_link_script CMakeFiles/cmTC_2c090.dir/link.txt --verbose=1
/usr/bin/cc   -DCHECK_FUNCTION_EXISTS=pthread_create    CMakeFiles/cmTC_2c090.dir/CheckFunctionExists.c.o  -o cmTC_2c090 -rdynamic -lpthreads 
/usr/bin/ld: cannot find -lpthreads
collect2: error: ld returned 1 exit status
CMakeFiles/cmTC_2c090.dir/build.make:97: recipe for target 'cmTC_2c090' failed
make[1]: *** [cmTC_2c090] Error 1
make[1]: Leaving directory '/capstone/ros/build/CMakeFiles/CMakeTmp'
Makefile:126: recipe for target 'cmTC_2c090/fast' failed
make: *** [cmTC_2c090/fast] Error 2


